<?xml version="1.0" encoding="UTF-8"?>
<testsuite xmlns:xsi="http://www.w3.org/2001/XMLSchema-instance" xsi:noNamespaceSchemaLocation="https://maven.apache.org/surefire/maven-surefire-plugin/xsd/surefire-test-report-3.0.xsd" version="3.0" name="TestSuite" time="14.478" tests="1" errors="0" skipped="0" failures="0">
  <properties>
    <property name="gopherProxySet" value="false"/>
    <property name="awt.toolkit" value="sun.lwawt.macosx.LWCToolkit"/>
    <property name="file.encoding.pkg" value="sun.io"/>
    <property name="java.specification.version" value="1.8"/>
    <property name="sun.cpu.isalist" value=""/>
    <property name="sun.jnu.encoding" value="UTF-8"/>
    <property name="java.class.path" value="/Users/madhavimarrivada/IdeaProjects/MobileAutomation/target/test-classes:/Users/madhavimarrivada/IdeaProjects/MobileAutomation/target/classes:/Users/madhavimarrivada/.m2/repository/io/appium/java-client/7.5.1/java-client-7.5.1.jar:/Users/madhavimarrivada/.m2/repository/org/seleniumhq/selenium/selenium-java/3.141.59/selenium-java-3.141.59.jar:/Users/madhavimarrivada/.m2/repository/org/seleniumhq/selenium/selenium-chrome-driver/3.141.59/selenium-chrome-driver-3.141.59.jar:/Users/madhavimarrivada/.m2/repository/org/seleniumhq/selenium/selenium-edge-driver/3.141.59/selenium-edge-driver-3.141.59.jar:/Users/madhavimarrivada/.m2/repository/org/seleniumhq/selenium/selenium-firefox-driver/3.141.59/selenium-firefox-driver-3.141.59.jar:/Users/madhavimarrivada/.m2/repository/org/seleniumhq/selenium/selenium-ie-driver/3.141.59/selenium-ie-driver-3.141.59.jar:/Users/madhavimarrivada/.m2/repository/org/seleniumhq/selenium/selenium-opera-driver/3.141.59/selenium-opera-driver-3.141.59.jar:/Users/madhavimarrivada/.m2/repository/org/seleniumhq/selenium/selenium-remote-driver/3.141.59/selenium-remote-driver-3.141.59.jar:/Users/madhavimarrivada/.m2/repository/org/seleniumhq/selenium/selenium-safari-driver/3.141.59/selenium-safari-driver-3.141.59.jar:/Users/madhavimarrivada/.m2/repository/net/bytebuddy/byte-buddy/1.8.15/byte-buddy-1.8.15.jar:/Users/madhavimarrivada/.m2/repository/org/apache/commons/commons-exec/1.3/commons-exec-1.3.jar:/Users/madhavimarrivada/.m2/repository/com/google/guava/guava/25.0-jre/guava-25.0-jre.jar:/Users/madhavimarrivada/.m2/repository/org/checkerframework/checker-compat-qual/2.0.0/checker-compat-qual-2.0.0.jar:/Users/madhavimarrivada/.m2/repository/com/google/errorprone/error_prone_annotations/2.1.3/error_prone_annotations-2.1.3.jar:/Users/madhavimarrivada/.m2/repository/com/google/j2objc/j2objc-annotations/1.1/j2objc-annotations-1.1.jar:/Users/madhavimarrivada/.m2/repository/org/codehaus/mojo/animal-sniffer-annotations/1.14/animal-sniffer-annotations-1.14.jar:/Users/madhavimarrivada/.m2/repository/com/squareup/okhttp3/okhttp/3.11.0/okhttp-3.11.0.jar:/Users/madhavimarrivada/.m2/repository/com/squareup/okio/okio/1.14.0/okio-1.14.0.jar:/Users/madhavimarrivada/.m2/repository/org/seleniumhq/selenium/selenium-support/3.141.59/selenium-support-3.141.59.jar:/Users/madhavimarrivada/.m2/repository/org/seleniumhq/selenium/selenium-api/3.141.59/selenium-api-3.141.59.jar:/Users/madhavimarrivada/.m2/repository/com/google/code/gson/gson/2.8.6/gson-2.8.6.jar:/Users/madhavimarrivada/.m2/repository/org/apache/httpcomponents/httpclient/4.5.13/httpclient-4.5.13.jar:/Users/madhavimarrivada/.m2/repository/org/apache/httpcomponents/httpcore/4.4.13/httpcore-4.4.13.jar:/Users/madhavimarrivada/.m2/repository/commons-logging/commons-logging/1.2/commons-logging-1.2.jar:/Users/madhavimarrivada/.m2/repository/commons-codec/commons-codec/1.11/commons-codec-1.11.jar:/Users/madhavimarrivada/.m2/repository/cglib/cglib/3.3.0/cglib-3.3.0.jar:/Users/madhavimarrivada/.m2/repository/org/ow2/asm/asm/7.1/asm-7.1.jar:/Users/madhavimarrivada/.m2/repository/commons-validator/commons-validator/1.7/commons-validator-1.7.jar:/Users/madhavimarrivada/.m2/repository/commons-beanutils/commons-beanutils/1.9.4/commons-beanutils-1.9.4.jar:/Users/madhavimarrivada/.m2/repository/commons-digester/commons-digester/2.1/commons-digester-2.1.jar:/Users/madhavimarrivada/.m2/repository/commons-collections/commons-collections/3.2.2/commons-collections-3.2.2.jar:/Users/madhavimarrivada/.m2/repository/org/apache/commons/commons-lang3/3.12.0/commons-lang3-3.12.0.jar:/Users/madhavimarrivada/.m2/repository/commons-io/commons-io/2.8.0/commons-io-2.8.0.jar:/Users/madhavimarrivada/.m2/repository/org/springframework/spring-context/5.3.4/spring-context-5.3.4.jar:/Users/madhavimarrivada/.m2/repository/org/springframework/spring-aop/5.3.4/spring-aop-5.3.4.jar:/Users/madhavimarrivada/.m2/repository/org/springframework/spring-beans/5.3.4/spring-beans-5.3.4.jar:/Users/madhavimarrivada/.m2/repository/org/springframework/spring-core/5.3.4/spring-core-5.3.4.jar:/Users/madhavimarrivada/.m2/repository/org/springframework/spring-jcl/5.3.4/spring-jcl-5.3.4.jar:/Users/madhavimarrivada/.m2/repository/org/springframework/spring-expression/5.3.4/spring-expression-5.3.4.jar:/Users/madhavimarrivada/.m2/repository/org/aspectj/aspectjweaver/1.9.6/aspectjweaver-1.9.6.jar:/Users/madhavimarrivada/.m2/repository/org/slf4j/slf4j-api/1.7.30/slf4j-api-1.7.30.jar:/Users/madhavimarrivada/.m2/repository/org/testng/testng/7.5/testng-7.5.jar:/Users/madhavimarrivada/.m2/repository/com/google/code/findbugs/jsr305/3.0.1/jsr305-3.0.1.jar:/Users/madhavimarrivada/.m2/repository/com/beust/jcommander/1.78/jcommander-1.78.jar:/Users/madhavimarrivada/.m2/repository/org/webjars/jquery/3.5.1/jquery-3.5.1.jar:/Users/madhavimarrivada/.m2/repository/net/sourceforge/tess4j/tess4j/5.2.0/tess4j-5.2.0.jar:/Users/madhavimarrivada/.m2/repository/net/java/dev/jna/jna/5.10.0/jna-5.10.0.jar:/Users/madhavimarrivada/.m2/repository/com/github/jai-imageio/jai-imageio-core/1.4.0/jai-imageio-core-1.4.0.jar:/Users/madhavimarrivada/.m2/repository/org/apache/pdfbox/pdfbox/2.0.25/pdfbox-2.0.25.jar:/Users/madhavimarrivada/.m2/repository/org/apache/pdfbox/fontbox/2.0.25/fontbox-2.0.25.jar:/Users/madhavimarrivada/.m2/repository/org/apache/pdfbox/pdfbox-tools/2.0.25/pdfbox-tools-2.0.25.jar:/Users/madhavimarrivada/.m2/repository/org/apache/pdfbox/pdfbox-debugger/2.0.25/pdfbox-debugger-2.0.25.jar:/Users/madhavimarrivada/.m2/repository/org/apache/pdfbox/jbig2-imageio/3.0.4/jbig2-imageio-3.0.4.jar:/Users/madhavimarrivada/.m2/repository/net/sourceforge/lept4j/lept4j/1.16.1/lept4j-1.16.1.jar:/Users/madhavimarrivada/.m2/repository/org/jboss/jboss-vfs/3.2.16.Final/jboss-vfs-3.2.16.Final.jar:/Users/madhavimarrivada/.m2/repository/org/jboss/logging/jboss-logging/3.1.4.GA/jboss-logging-3.1.4.GA.jar:/Users/madhavimarrivada/.m2/repository/org/apache/poi/poi-ooxml/5.2.2/poi-ooxml-5.2.2.jar:/Users/madhavimarrivada/.m2/repository/org/apache/poi/poi/5.2.2/poi-5.2.2.jar:/Users/madhavimarrivada/.m2/repository/org/apache/commons/commons-math3/3.6.1/commons-math3-3.6.1.jar:/Users/madhavimarrivada/.m2/repository/com/zaxxer/SparseBitSet/1.2/SparseBitSet-1.2.jar:/Users/madhavimarrivada/.m2/repository/org/apache/poi/poi-ooxml-lite/5.2.2/poi-ooxml-lite-5.2.2.jar:/Users/madhavimarrivada/.m2/repository/org/apache/xmlbeans/xmlbeans/5.0.3/xmlbeans-5.0.3.jar:/Users/madhavimarrivada/.m2/repository/xml-apis/xml-apis/1.4.01/xml-apis-1.4.01.jar:/Users/madhavimarrivada/.m2/repository/org/apache/commons/commons-compress/1.21/commons-compress-1.21.jar:/Users/madhavimarrivada/.m2/repository/com/github/virtuald/curvesapi/1.07/curvesapi-1.07.jar:/Users/madhavimarrivada/.m2/repository/org/apache/logging/log4j/log4j-api/2.17.2/log4j-api-2.17.2.jar:/Users/madhavimarrivada/.m2/repository/org/apache/commons/commons-collections4/4.4/commons-collections4-4.4.jar:"/>
    <property name="java.vm.vendor" value="AdoptOpenJDK"/>
    <property name="sun.arch.data.model" value="64"/>
    <property name="java.vendor.url" value="https://adoptopenjdk.net/"/>
    <property name="user.timezone" value="America/Los_Angeles"/>
    <property name="java.vm.specification.version" value="1.8"/>
    <property name="os.name" value="Mac OS X"/>
    <property name="user.country" value="US"/>
    <property name="sun.java.launcher" value="SUN_STANDARD"/>
    <property name="sun.boot.library.path" value="/Library/Java/JavaVirtualMachines/adoptopenjdk-8.jdk/Contents/Home/jre/lib"/>
    <property name="sun.java.command" value="/Users/madhavimarrivada/IdeaProjects/MobileAutomation/target/surefire/surefirebooter4769479553491979498.jar /Users/madhavimarrivada/IdeaProjects/MobileAutomation/target/surefire 2022-04-05T09-59-01_081-jvmRun1 surefire4145868779923738211tmp surefire_03119199413967605667tmp"/>
    <property name="http.nonProxyHosts" value="local|*.local|169.254/16|*.169.254/16"/>
    <property name="surefire.test.class.path" value="/Users/madhavimarrivada/IdeaProjects/MobileAutomation/target/test-classes:/Users/madhavimarrivada/IdeaProjects/MobileAutomation/target/classes:/Users/madhavimarrivada/.m2/repository/io/appium/java-client/7.5.1/java-client-7.5.1.jar:/Users/madhavimarrivada/.m2/repository/org/seleniumhq/selenium/selenium-java/3.141.59/selenium-java-3.141.59.jar:/Users/madhavimarrivada/.m2/repository/org/seleniumhq/selenium/selenium-chrome-driver/3.141.59/selenium-chrome-driver-3.141.59.jar:/Users/madhavimarrivada/.m2/repository/org/seleniumhq/selenium/selenium-edge-driver/3.141.59/selenium-edge-driver-3.141.59.jar:/Users/madhavimarrivada/.m2/repository/org/seleniumhq/selenium/selenium-firefox-driver/3.141.59/selenium-firefox-driver-3.141.59.jar:/Users/madhavimarrivada/.m2/repository/org/seleniumhq/selenium/selenium-ie-driver/3.141.59/selenium-ie-driver-3.141.59.jar:/Users/madhavimarrivada/.m2/repository/org/seleniumhq/selenium/selenium-opera-driver/3.141.59/selenium-opera-driver-3.141.59.jar:/Users/madhavimarrivada/.m2/repository/org/seleniumhq/selenium/selenium-remote-driver/3.141.59/selenium-remote-driver-3.141.59.jar:/Users/madhavimarrivada/.m2/repository/org/seleniumhq/selenium/selenium-safari-driver/3.141.59/selenium-safari-driver-3.141.59.jar:/Users/madhavimarrivada/.m2/repository/net/bytebuddy/byte-buddy/1.8.15/byte-buddy-1.8.15.jar:/Users/madhavimarrivada/.m2/repository/org/apache/commons/commons-exec/1.3/commons-exec-1.3.jar:/Users/madhavimarrivada/.m2/repository/com/google/guava/guava/25.0-jre/guava-25.0-jre.jar:/Users/madhavimarrivada/.m2/repository/org/checkerframework/checker-compat-qual/2.0.0/checker-compat-qual-2.0.0.jar:/Users/madhavimarrivada/.m2/repository/com/google/errorprone/error_prone_annotations/2.1.3/error_prone_annotations-2.1.3.jar:/Users/madhavimarrivada/.m2/repository/com/google/j2objc/j2objc-annotations/1.1/j2objc-annotations-1.1.jar:/Users/madhavimarrivada/.m2/repository/org/codehaus/mojo/animal-sniffer-annotations/1.14/animal-sniffer-annotations-1.14.jar:/Users/madhavimarrivada/.m2/repository/com/squareup/okhttp3/okhttp/3.11.0/okhttp-3.11.0.jar:/Users/madhavimarrivada/.m2/repository/com/squareup/okio/okio/1.14.0/okio-1.14.0.jar:/Users/madhavimarrivada/.m2/repository/org/seleniumhq/selenium/selenium-support/3.141.59/selenium-support-3.141.59.jar:/Users/madhavimarrivada/.m2/repository/org/seleniumhq/selenium/selenium-api/3.141.59/selenium-api-3.141.59.jar:/Users/madhavimarrivada/.m2/repository/com/google/code/gson/gson/2.8.6/gson-2.8.6.jar:/Users/madhavimarrivada/.m2/repository/org/apache/httpcomponents/httpclient/4.5.13/httpclient-4.5.13.jar:/Users/madhavimarrivada/.m2/repository/org/apache/httpcomponents/httpcore/4.4.13/httpcore-4.4.13.jar:/Users/madhavimarrivada/.m2/repository/commons-logging/commons-logging/1.2/commons-logging-1.2.jar:/Users/madhavimarrivada/.m2/repository/commons-codec/commons-codec/1.11/commons-codec-1.11.jar:/Users/madhavimarrivada/.m2/repository/cglib/cglib/3.3.0/cglib-3.3.0.jar:/Users/madhavimarrivada/.m2/repository/org/ow2/asm/asm/7.1/asm-7.1.jar:/Users/madhavimarrivada/.m2/repository/commons-validator/commons-validator/1.7/commons-validator-1.7.jar:/Users/madhavimarrivada/.m2/repository/commons-beanutils/commons-beanutils/1.9.4/commons-beanutils-1.9.4.jar:/Users/madhavimarrivada/.m2/repository/commons-digester/commons-digester/2.1/commons-digester-2.1.jar:/Users/madhavimarrivada/.m2/repository/commons-collections/commons-collections/3.2.2/commons-collections-3.2.2.jar:/Users/madhavimarrivada/.m2/repository/org/apache/commons/commons-lang3/3.12.0/commons-lang3-3.12.0.jar:/Users/madhavimarrivada/.m2/repository/commons-io/commons-io/2.8.0/commons-io-2.8.0.jar:/Users/madhavimarrivada/.m2/repository/org/springframework/spring-context/5.3.4/spring-context-5.3.4.jar:/Users/madhavimarrivada/.m2/repository/org/springframework/spring-aop/5.3.4/spring-aop-5.3.4.jar:/Users/madhavimarrivada/.m2/repository/org/springframework/spring-beans/5.3.4/spring-beans-5.3.4.jar:/Users/madhavimarrivada/.m2/repository/org/springframework/spring-core/5.3.4/spring-core-5.3.4.jar:/Users/madhavimarrivada/.m2/repository/org/springframework/spring-jcl/5.3.4/spring-jcl-5.3.4.jar:/Users/madhavimarrivada/.m2/repository/org/springframework/spring-expression/5.3.4/spring-expression-5.3.4.jar:/Users/madhavimarrivada/.m2/repository/org/aspectj/aspectjweaver/1.9.6/aspectjweaver-1.9.6.jar:/Users/madhavimarrivada/.m2/repository/org/slf4j/slf4j-api/1.7.30/slf4j-api-1.7.30.jar:/Users/madhavimarrivada/.m2/repository/org/testng/testng/7.5/testng-7.5.jar:/Users/madhavimarrivada/.m2/repository/com/google/code/findbugs/jsr305/3.0.1/jsr305-3.0.1.jar:/Users/madhavimarrivada/.m2/repository/com/beust/jcommander/1.78/jcommander-1.78.jar:/Users/madhavimarrivada/.m2/repository/org/webjars/jquery/3.5.1/jquery-3.5.1.jar:/Users/madhavimarrivada/.m2/repository/net/sourceforge/tess4j/tess4j/5.2.0/tess4j-5.2.0.jar:/Users/madhavimarrivada/.m2/repository/net/java/dev/jna/jna/5.10.0/jna-5.10.0.jar:/Users/madhavimarrivada/.m2/repository/com/github/jai-imageio/jai-imageio-core/1.4.0/jai-imageio-core-1.4.0.jar:/Users/madhavimarrivada/.m2/repository/org/apache/pdfbox/pdfbox/2.0.25/pdfbox-2.0.25.jar:/Users/madhavimarrivada/.m2/repository/org/apache/pdfbox/fontbox/2.0.25/fontbox-2.0.25.jar:/Users/madhavimarrivada/.m2/repository/org/apache/pdfbox/pdfbox-tools/2.0.25/pdfbox-tools-2.0.25.jar:/Users/madhavimarrivada/.m2/repository/org/apache/pdfbox/pdfbox-debugger/2.0.25/pdfbox-debugger-2.0.25.jar:/Users/madhavimarrivada/.m2/repository/org/apache/pdfbox/jbig2-imageio/3.0.4/jbig2-imageio-3.0.4.jar:/Users/madhavimarrivada/.m2/repository/net/sourceforge/lept4j/lept4j/1.16.1/lept4j-1.16.1.jar:/Users/madhavimarrivada/.m2/repository/org/jboss/jboss-vfs/3.2.16.Final/jboss-vfs-3.2.16.Final.jar:/Users/madhavimarrivada/.m2/repository/org/jboss/logging/jboss-logging/3.1.4.GA/jboss-logging-3.1.4.GA.jar:/Users/madhavimarrivada/.m2/repository/org/apache/poi/poi-ooxml/5.2.2/poi-ooxml-5.2.2.jar:/Users/madhavimarrivada/.m2/repository/org/apache/poi/poi/5.2.2/poi-5.2.2.jar:/Users/madhavimarrivada/.m2/repository/org/apache/commons/commons-math3/3.6.1/commons-math3-3.6.1.jar:/Users/madhavimarrivada/.m2/repository/com/zaxxer/SparseBitSet/1.2/SparseBitSet-1.2.jar:/Users/madhavimarrivada/.m2/repository/org/apache/poi/poi-ooxml-lite/5.2.2/poi-ooxml-lite-5.2.2.jar:/Users/madhavimarrivada/.m2/repository/org/apache/xmlbeans/xmlbeans/5.0.3/xmlbeans-5.0.3.jar:/Users/madhavimarrivada/.m2/repository/xml-apis/xml-apis/1.4.01/xml-apis-1.4.01.jar:/Users/madhavimarrivada/.m2/repository/org/apache/commons/commons-compress/1.21/commons-compress-1.21.jar:/Users/madhavimarrivada/.m2/repository/com/github/virtuald/curvesapi/1.07/curvesapi-1.07.jar:/Users/madhavimarrivada/.m2/repository/org/apache/logging/log4j/log4j-api/2.17.2/log4j-api-2.17.2.jar:/Users/madhavimarrivada/.m2/repository/org/apache/commons/commons-collections4/4.4/commons-collections4-4.4.jar:"/>
    <property name="sun.cpu.endian" value="little"/>
    <property name="user.home" value="/Users/madhavimarrivada"/>
    <property name="user.language" value="en"/>
    <property name="java.specification.vendor" value="Oracle Corporation"/>
    <property name="java.home" value="/Library/Java/JavaVirtualMachines/adoptopenjdk-8.jdk/Contents/Home/jre"/>
    <property name="basedir" value="/Users/madhavimarrivada/IdeaProjects/MobileAutomation"/>
    <property name="file.separator" value="/"/>
    <property name="line.separator" value="&#10;"/>
    <property name="java.vm.specification.vendor" value="Oracle Corporation"/>
    <property name="java.specification.name" value="Java Platform API Specification"/>
    <property name="java.awt.graphicsenv" value="sun.awt.CGraphicsEnvironment"/>
    <property name="surefire.real.class.path" value="/Users/madhavimarrivada/IdeaProjects/MobileAutomation/target/surefire/surefirebooter4769479553491979498.jar"/>
    <property name="sun.boot.class.path" value="/Library/Java/JavaVirtualMachines/adoptopenjdk-8.jdk/Contents/Home/jre/lib/resources.jar:/Library/Java/JavaVirtualMachines/adoptopenjdk-8.jdk/Contents/Home/jre/lib/rt.jar:/Library/Java/JavaVirtualMachines/adoptopenjdk-8.jdk/Contents/Home/jre/lib/sunrsasign.jar:/Library/Java/JavaVirtualMachines/adoptopenjdk-8.jdk/Contents/Home/jre/lib/jsse.jar:/Library/Java/JavaVirtualMachines/adoptopenjdk-8.jdk/Contents/Home/jre/lib/jce.jar:/Library/Java/JavaVirtualMachines/adoptopenjdk-8.jdk/Contents/Home/jre/lib/charsets.jar:/Library/Java/JavaVirtualMachines/adoptopenjdk-8.jdk/Contents/Home/jre/lib/jfr.jar:/Library/Java/JavaVirtualMachines/adoptopenjdk-8.jdk/Contents/Home/jre/classes"/>
    <property name="sun.management.compiler" value="HotSpot 64-Bit Tiered Compilers"/>
    <property name="ftp.nonProxyHosts" value="local|*.local|169.254/16|*.169.254/16"/>
    <property name="java.runtime.version" value="1.8.0_292-b10"/>
    <property name="user.name" value="madhavimarrivada"/>
    <property name="path.separator" value=":"/>
    <property name="platform" value="ios"/>
    <property name="os.version" value="10.16"/>
    <property name="java.endorsed.dirs" value="/Library/Java/JavaVirtualMachines/adoptopenjdk-8.jdk/Contents/Home/jre/lib/endorsed"/>
    <property name="java.runtime.name" value="OpenJDK Runtime Environment"/>
    <property name="file.encoding" value="UTF-8"/>
    <property name="java.vm.name" value="OpenJDK 64-Bit Server VM"/>
    <property name="localRepository" value="/Users/madhavimarrivada/.m2/repository"/>
    <property name="java.vendor.url.bug" value="https://github.com/AdoptOpenJDK/openjdk-support/issues"/>
    <property name="java.io.tmpdir" value="/var/folders/q6/2jq2kw4d4s35s2zg09ysk_nc0000gn/T/"/>
    <property name="java.version" value="1.8.0_292"/>
    <property name="user.dir" value="/Users/madhavimarrivada/IdeaProjects/MobileAutomation"/>
    <property name="os.arch" value="x86_64"/>
    <property name="java.vm.specification.name" value="Java Virtual Machine Specification"/>
    <property name="java.awt.printerjob" value="sun.lwawt.macosx.CPrinterJob"/>
    <property name="sun.os.patch.level" value="unknown"/>
    <property name="java.library.path" value="/Users/madhavimarrivada/Library/Java/Extensions:/Library/Java/Extensions:/Network/Library/Java/Extensions:/System/Library/Java/Extensions:/usr/lib/java:."/>
    <property name="java.vm.info" value="mixed mode"/>
    <property name="java.vendor" value="AdoptOpenJDK"/>
    <property name="java.vm.version" value="25.292-b10"/>
    <property name="java.ext.dirs" value="/Users/madhavimarrivada/Library/Java/Extensions:/Library/Java/JavaVirtualMachines/adoptopenjdk-8.jdk/Contents/Home/jre/lib/ext:/Library/Java/Extensions:/Network/Library/Java/Extensions:/System/Library/Java/Extensions:/usr/lib/java"/>
    <property name="sun.io.unicode.encoding" value="UnicodeBig"/>
    <property name="java.class.version" value="52.0"/>
    <property name="socksNonProxyHosts" value="local|*.local|169.254/16|*.169.254/16"/>
  </properties>
  <testcase name="loginValidation" classname="com.companyname.tests.LoginTest" time="8.659">
    <system-err><![CDATA[SLF4J: Failed to load class "org.slf4j.impl.StaticLoggerBinder".
SLF4J: Defaulting to no-operation (NOP) logger implementation
SLF4J: See http://www.slf4j.org/codes.html#StaticLoggerBinder for further details.
Apr 05, 2022 9:59:07 AM io.appium.java_client.remote.AppiumCommandExecutor$1 lambda$0
INFO: Detected dialect: W3C
]]></system-err>
  </testcase>
</testsuite>