<?xml version="1.0" encoding="UTF-8"?>
<!-- Generated by org.testng.reporters.JUnitReportReporter -->
<testsuite skipped="0" hostname="Madhavis-MBP.attlocal.net" name="com.companyname.tests.LoginTest" tests="1" failures="0" timestamp="2022-04-05T09:59:16 PDT" time="8.649" errors="0">
  <testcase name="loginValidation" time="8.649" classname="com.companyname.tests.LoginTest"/>
  <system-out/>
</testsuite> <!-- com.companyname.tests.LoginTest -->
